{"D:\\npm-projects\\strapi-upload-blob-provider\\src\\blob-client.ts": {"path":"D:\\npm-projects\\strapi-upload-blob-provider\\src\\blob-client.ts","all":false,"statementMap":{"0":{"start":{"line":1,"column":0},"end":{"line":1,"column":40}},"5":{"start":{"line":6,"column":0},"end":{"line":6,"column":41}},"12":{"start":{"line":13,"column":0},"end":{"line":13,"column":32}},"13":{"start":{"line":14,"column":0},"end":{"line":14,"column":26}},"14":{"start":{"line":15,"column":0},"end":{"line":15,"column":37}},"15":{"start":{"line":16,"column":0},"end":{"line":16,"column":39}},"17":{"start":{"line":18,"column":0},"end":{"line":18,"column":39}},"18":{"start":{"line":19,"column":0},"end":{"line":19,"column":68}},"20":{"start":{"line":21,"column":0},"end":{"line":21,"column":17}},"21":{"start":{"line":22,"column":0},"end":{"line":22,"column":22}},"22":{"start":{"line":23,"column":0},"end":{"line":23,"column":68}},"24":{"start":{"line":25,"column":0},"end":{"line":25,"column":8}},"25":{"start":{"line":26,"column":0},"end":{"line":26,"column":5}},"27":{"start":{"line":28,"column":0},"end":{"line":28,"column":24}},"28":{"start":{"line":29,"column":0},"end":{"line":29,"column":59}},"29":{"start":{"line":30,"column":0},"end":{"line":30,"column":82}},"30":{"start":{"line":31,"column":0},"end":{"line":31,"column":3}},"36":{"start":{"line":37,"column":0},"end":{"line":37,"column":74}},"37":{"start":{"line":38,"column":0},"end":{"line":38,"column":53}},"39":{"start":{"line":40,"column":0},"end":{"line":40,"column":44}},"40":{"start":{"line":41,"column":0},"end":{"line":41,"column":23}},"41":{"start":{"line":42,"column":0},"end":{"line":42,"column":29}},"42":{"start":{"line":43,"column":0},"end":{"line":43,"column":25}},"43":{"start":{"line":44,"column":0},"end":{"line":44,"column":45}},"44":{"start":{"line":45,"column":0},"end":{"line":45,"column":51}},"45":{"start":{"line":46,"column":0},"end":{"line":46,"column":7}},"47":{"start":{"line":48,"column":0},"end":{"line":48,"column":24}},"48":{"start":{"line":49,"column":0},"end":{"line":49,"column":31}},"49":{"start":{"line":50,"column":0},"end":{"line":50,"column":33}},"50":{"start":{"line":51,"column":0},"end":{"line":51,"column":30}},"51":{"start":{"line":52,"column":0},"end":{"line":52,"column":3}},"56":{"start":{"line":57,"column":0},"end":{"line":57,"column":44}},"57":{"start":{"line":58,"column":0},"end":{"line":58,"column":43}},"58":{"start":{"line":59,"column":0},"end":{"line":59,"column":3}},"59":{"start":{"line":60,"column":0},"end":{"line":60,"column":1}}},"s":{"0":1,"5":1,"12":1,"13":23,"14":23,"15":23,"17":23,"18":23,"20":23,"21":1,"22":1,"24":1,"25":1,"27":22,"28":23,"29":23,"30":23,"36":23,"37":8,"39":8,"40":8,"41":8,"42":8,"43":8,"44":8,"45":8,"47":7,"48":7,"49":7,"50":7,"51":8,"56":23,"57":3,"58":3,"59":23},"branchMap":{"0":{"type":"branch","line":13,"loc":{"start":{"line":13,"column":31},"end":{"line":60,"column":1}},"locations":[{"start":{"line":13,"column":31},"end":{"line":60,"column":1}}]},"1":{"type":"branch","line":18,"loc":{"start":{"line":18,"column":2},"end":{"line":31,"column":3}},"locations":[{"start":{"line":18,"column":2},"end":{"line":31,"column":3}}]},"2":{"type":"branch","line":19,"loc":{"start":{"line":19,"column":25},"end":{"line":19,"column":68}},"locations":[{"start":{"line":19,"column":25},"end":{"line":19,"column":68}}]},"3":{"type":"branch","line":21,"loc":{"start":{"line":21,"column":16},"end":{"line":26,"column":5}},"locations":[{"start":{"line":21,"column":16},"end":{"line":26,"column":5}}]},"4":{"type":"branch","line":26,"loc":{"start":{"line":26,"column":4},"end":{"line":29,"column":54}},"locations":[{"start":{"line":26,"column":4},"end":{"line":29,"column":54}}]},"5":{"type":"branch","line":29,"loc":{"start":{"line":29,"column":35},"end":{"line":29,"column":59}},"locations":[{"start":{"line":29,"column":35},"end":{"line":29,"column":59}}]},"6":{"type":"branch","line":30,"loc":{"start":{"line":30,"column":38},"end":{"line":30,"column":82}},"locations":[{"start":{"line":30,"column":38},"end":{"line":30,"column":82}}]},"7":{"type":"branch","line":37,"loc":{"start":{"line":37,"column":2},"end":{"line":52,"column":3}},"locations":[{"start":{"line":37,"column":2},"end":{"line":52,"column":3}}]},"8":{"type":"branch","line":38,"loc":{"start":{"line":38,"column":41},"end":{"line":38,"column":50}},"locations":[{"start":{"line":38,"column":41},"end":{"line":38,"column":50}}]},"9":{"type":"branch","line":46,"loc":{"start":{"line":46,"column":5},"end":{"line":51,"column":30}},"locations":[{"start":{"line":46,"column":5},"end":{"line":51,"column":30}}]},"10":{"type":"branch","line":57,"loc":{"start":{"line":57,"column":2},"end":{"line":59,"column":3}},"locations":[{"start":{"line":57,"column":2},"end":{"line":59,"column":3}}]},"11":{"type":"branch","line":58,"loc":{"start":{"line":58,"column":41},"end":{"line":58,"column":43}},"locations":[{"start":{"line":58,"column":41},"end":{"line":58,"column":43}}]}},"b":{"0":[23],"1":[23],"2":[2],"3":[1],"4":[22],"5":[21],"6":[21],"7":[8],"8":[1],"9":[7],"10":[3],"11":[2]},"fnMap":{"0":{"name":"<instance_members_initializer>","decl":{"start":{"line":13,"column":31},"end":{"line":60,"column":1}},"loc":{"start":{"line":13,"column":31},"end":{"line":60,"column":1}},"line":13},"1":{"name":"BlobStorageClient","decl":{"start":{"line":18,"column":2},"end":{"line":31,"column":3}},"loc":{"start":{"line":18,"column":2},"end":{"line":31,"column":3}},"line":18},"2":{"name":"upload","decl":{"start":{"line":37,"column":2},"end":{"line":52,"column":3}},"loc":{"start":{"line":37,"column":2},"end":{"line":52,"column":3}},"line":37},"3":{"name":"remove","decl":{"start":{"line":57,"column":2},"end":{"line":59,"column":3}},"loc":{"start":{"line":57,"column":2},"end":{"line":59,"column":3}},"line":57}},"f":{"0":23,"1":23,"2":8,"3":3}}
,"D:\\npm-projects\\strapi-upload-blob-provider\\src\\index.ts": {"path":"D:\\npm-projects\\strapi-upload-blob-provider\\src\\index.ts","all":false,"statementMap":{"0":{"start":{"line":1,"column":0},"end":{"line":1,"column":53}},"1":{"start":{"line":2,"column":0},"end":{"line":2,"column":62}},"24":{"start":{"line":25,"column":0},"end":{"line":25,"column":71}},"25":{"start":{"line":26,"column":0},"end":{"line":26,"column":47}},"26":{"start":{"line":27,"column":0},"end":{"line":27,"column":41}},"28":{"start":{"line":29,"column":0},"end":{"line":29,"column":10}},"29":{"start":{"line":30,"column":0},"end":{"line":30,"column":51}},"30":{"start":{"line":31,"column":0},"end":{"line":31,"column":47}},"31":{"start":{"line":32,"column":0},"end":{"line":32,"column":38}},"32":{"start":{"line":33,"column":0},"end":{"line":33,"column":6}},"34":{"start":{"line":35,"column":0},"end":{"line":35,"column":57}},"35":{"start":{"line":36,"column":0},"end":{"line":36,"column":47}},"36":{"start":{"line":37,"column":0},"end":{"line":37,"column":38}},"37":{"start":{"line":38,"column":0},"end":{"line":38,"column":6}},"39":{"start":{"line":40,"column":0},"end":{"line":40,"column":51}},"40":{"start":{"line":41,"column":0},"end":{"line":41,"column":28}},"41":{"start":{"line":42,"column":0},"end":{"line":42,"column":36}},"42":{"start":{"line":43,"column":0},"end":{"line":43,"column":6}},"44":{"start":{"line":45,"column":0},"end":{"line":45,"column":43}},"45":{"start":{"line":46,"column":0},"end":{"line":46,"column":36}},"46":{"start":{"line":47,"column":0},"end":{"line":47,"column":6}},"48":{"start":{"line":49,"column":0},"end":{"line":49,"column":26}},"50":{"start":{"line":51,"column":0},"end":{"line":51,"column":19}},"51":{"start":{"line":52,"column":0},"end":{"line":52,"column":6}},"52":{"start":{"line":53,"column":0},"end":{"line":53,"column":4}},"53":{"start":{"line":54,"column":0},"end":{"line":54,"column":1}},"55":{"start":{"line":56,"column":0},"end":{"line":56,"column":16}},"56":{"start":{"line":57,"column":0},"end":{"line":57,"column":23}},"57":{"start":{"line":58,"column":0},"end":{"line":58,"column":2}}},"s":{"0":1,"1":1,"24":10,"25":10,"26":10,"28":10,"29":10,"30":2,"31":2,"32":2,"34":10,"35":2,"36":2,"37":2,"39":10,"40":2,"41":1,"42":2,"44":10,"45":3,"46":3,"48":10,"50":1,"51":1,"52":10,"53":10,"55":1,"56":1,"57":1},"branchMap":{"0":{"type":"branch","line":25,"loc":{"start":{"line":25,"column":0},"end":{"line":54,"column":1}},"locations":[{"start":{"line":25,"column":0},"end":{"line":54,"column":1}}]},"1":{"type":"branch","line":30,"loc":{"start":{"line":30,"column":4},"end":{"line":33,"column":6}},"locations":[{"start":{"line":30,"column":4},"end":{"line":33,"column":6}}]},"2":{"type":"branch","line":32,"loc":{"start":{"line":32,"column":36},"end":{"line":32,"column":38}},"locations":[{"start":{"line":32,"column":36},"end":{"line":32,"column":38}}]},"3":{"type":"branch","line":35,"loc":{"start":{"line":35,"column":4},"end":{"line":38,"column":6}},"locations":[{"start":{"line":35,"column":4},"end":{"line":38,"column":6}}]},"4":{"type":"branch","line":37,"loc":{"start":{"line":37,"column":36},"end":{"line":37,"column":38}},"locations":[{"start":{"line":37,"column":36},"end":{"line":37,"column":38}}]},"5":{"type":"branch","line":40,"loc":{"start":{"line":40,"column":4},"end":{"line":43,"column":6}},"locations":[{"start":{"line":40,"column":4},"end":{"line":43,"column":6}}]},"6":{"type":"branch","line":41,"loc":{"start":{"line":41,"column":21},"end":{"line":42,"column":36}},"locations":[{"start":{"line":41,"column":21},"end":{"line":42,"column":36}}]},"7":{"type":"branch","line":45,"loc":{"start":{"line":45,"column":4},"end":{"line":47,"column":6}},"locations":[{"start":{"line":45,"column":4},"end":{"line":47,"column":6}}]},"8":{"type":"branch","line":49,"loc":{"start":{"line":49,"column":4},"end":{"line":52,"column":6}},"locations":[{"start":{"line":49,"column":4},"end":{"line":52,"column":6}}]}},"b":{"0":[10],"1":[2],"2":[1],"3":[2],"4":[1],"5":[2],"6":[1],"7":[3],"8":[1]},"fnMap":{"0":{"name":"createProvider","decl":{"start":{"line":25,"column":0},"end":{"line":54,"column":1}},"loc":{"start":{"line":25,"column":0},"end":{"line":54,"column":1}},"line":25},"1":{"name":"upload","decl":{"start":{"line":30,"column":4},"end":{"line":33,"column":6}},"loc":{"start":{"line":30,"column":4},"end":{"line":33,"column":6}},"line":30},"2":{"name":"uploadStream","decl":{"start":{"line":35,"column":4},"end":{"line":38,"column":6}},"loc":{"start":{"line":35,"column":4},"end":{"line":38,"column":6}},"line":35},"3":{"name":"delete","decl":{"start":{"line":40,"column":4},"end":{"line":43,"column":6}},"loc":{"start":{"line":40,"column":4},"end":{"line":43,"column":6}},"line":40},"4":{"name":"checkFileSize","decl":{"start":{"line":45,"column":4},"end":{"line":47,"column":6}},"loc":{"start":{"line":45,"column":4},"end":{"line":47,"column":6}},"line":45},"5":{"name":"isPrivate","decl":{"start":{"line":49,"column":4},"end":{"line":52,"column":6}},"loc":{"start":{"line":49,"column":4},"end":{"line":52,"column":6}},"line":49}},"f":{"0":10,"1":2,"2":2,"3":2,"4":3,"5":1}}
,"D:\\npm-projects\\strapi-upload-blob-provider\\src\\validation.ts": {"path":"D:\\npm-projects\\strapi-upload-blob-provider\\src\\validation.ts","all":false,"statementMap":{"4":{"start":{"line":5,"column":0},"end":{"line":5,"column":34}},"9":{"start":{"line":10,"column":0},"end":{"line":10,"column":37}},"10":{"start":{"line":11,"column":0},"end":{"line":11,"column":19}},"11":{"start":{"line":12,"column":0},"end":{"line":12,"column":1}},"19":{"start":{"line":20,"column":0},"end":{"line":20,"column":89}},"20":{"start":{"line":21,"column":0},"end":{"line":21,"column":35}},"22":{"start":{"line":23,"column":0},"end":{"line":23,"column":25}},"23":{"start":{"line":24,"column":0},"end":{"line":24,"column":20}},"24":{"start":{"line":25,"column":0},"end":{"line":25,"column":101}},"25":{"start":{"line":26,"column":0},"end":{"line":26,"column":6}},"26":{"start":{"line":27,"column":0},"end":{"line":27,"column":3}},"27":{"start":{"line":28,"column":0},"end":{"line":28,"column":1}},"33":{"start":{"line":34,"column":0},"end":{"line":34,"column":93}},"34":{"start":{"line":35,"column":0},"end":{"line":35,"column":26}},"35":{"start":{"line":36,"column":0},"end":{"line":36,"column":23}},"36":{"start":{"line":37,"column":0},"end":{"line":37,"column":68}},"37":{"start":{"line":38,"column":0},"end":{"line":38,"column":5}},"38":{"start":{"line":39,"column":0},"end":{"line":39,"column":23}},"39":{"start":{"line":40,"column":0},"end":{"line":40,"column":3}},"41":{"start":{"line":42,"column":0},"end":{"line":42,"column":21}},"42":{"start":{"line":43,"column":0},"end":{"line":43,"column":75}},"43":{"start":{"line":44,"column":0},"end":{"line":44,"column":3}},"44":{"start":{"line":45,"column":0},"end":{"line":45,"column":21}},"45":{"start":{"line":46,"column":0},"end":{"line":46,"column":1}}},"s":{"4":1,"9":8,"10":8,"11":8,"19":1,"20":8,"22":8,"23":4,"24":4,"25":4,"26":4,"27":8,"33":1,"34":8,"35":4,"36":2,"37":2,"38":2,"39":2,"41":8,"42":2,"43":2,"44":2,"45":2},"branchMap":{"0":{"type":"branch","line":10,"loc":{"start":{"line":10,"column":0},"end":{"line":12,"column":1}},"locations":[{"start":{"line":10,"column":0},"end":{"line":12,"column":1}}]},"1":{"type":"branch","line":20,"loc":{"start":{"line":20,"column":7},"end":{"line":28,"column":1}},"locations":[{"start":{"line":20,"column":7},"end":{"line":28,"column":1}}]},"2":{"type":"branch","line":23,"loc":{"start":{"line":23,"column":24},"end":{"line":27,"column":3}},"locations":[{"start":{"line":23,"column":24},"end":{"line":27,"column":3}}]},"3":{"type":"branch","line":34,"loc":{"start":{"line":34,"column":7},"end":{"line":46,"column":1}},"locations":[{"start":{"line":34,"column":7},"end":{"line":46,"column":1}}]},"4":{"type":"branch","line":35,"loc":{"start":{"line":35,"column":25},"end":{"line":42,"column":20}},"locations":[{"start":{"line":35,"column":25},"end":{"line":42,"column":20}}]},"5":{"type":"branch","line":36,"loc":{"start":{"line":36,"column":22},"end":{"line":40,"column":3}},"locations":[{"start":{"line":36,"column":22},"end":{"line":40,"column":3}}]},"6":{"type":"branch","line":42,"loc":{"start":{"line":42,"column":20},"end":{"line":46,"column":1}},"locations":[{"start":{"line":42,"column":20},"end":{"line":46,"column":1}}]}},"b":{"0":[8],"1":[8],"2":[4],"3":[8],"4":[4],"5":[2],"6":[2]},"fnMap":{"0":{"name":"kbToMb","decl":{"start":{"line":10,"column":0},"end":{"line":12,"column":1}},"loc":{"start":{"line":10,"column":0},"end":{"line":12,"column":1}},"line":10},"1":{"name":"assertFileSize","decl":{"start":{"line":20,"column":7},"end":{"line":28,"column":1}},"loc":{"start":{"line":20,"column":7},"end":{"line":28,"column":1}},"line":20},"2":{"name":"extractBody","decl":{"start":{"line":34,"column":7},"end":{"line":46,"column":1}},"loc":{"start":{"line":34,"column":7},"end":{"line":46,"column":1}},"line":34}},"f":{"0":8,"1":8,"2":8}}
}
